<?xml version="1.0" encoding="UTF-8"?>
<testng-results ignored="0" total="1" passed="1" failed="0" skipped="0">
  <reporter-output>
  </reporter-output>
  <suite started-at="2023-10-15T10:54:10 IST" name="Default suite" finished-at="2023-10-15T10:54:10 IST" duration-ms="101">
    <groups>
    </groups>
    <test started-at="2023-10-15T10:54:10 IST" name="Default test" finished-at="2023-10-15T10:54:10 IST" duration-ms="101">
      <class name="sdet.dsa.linkedlist.RunnerClass">
        <test-method signature="TestDobuleLinkedList1()[pri:0, instance:sdet.dsa.linkedlist.RunnerClass@47eaca72]" started-at="2023-10-15T10:54:10 IST" name="TestDobuleLinkedList1" finished-at="2023-10-15T10:54:10 IST" duration-ms="29" status="PASS">
          <reporter-output>
          </reporter-output>
        </test-method> <!-- TestDobuleLinkedList1 -->
      </class> <!-- sdet.dsa.linkedlist.RunnerClass -->
    </test> <!-- Default test -->
  </suite> <!-- Default suite -->
</testng-results>
